Change Component Designator: Old Designator=C18 New Designator=C8
Change Component Designator: Old Designator=C19 New Designator=C9
Change Component Designator: Old Designator=C20 New Designator=C10
Change Component Designator: Old Designator=C21 New Designator=C11
Change Component Designator: Old Designator=C22 New Designator=C12
Change Component Designator: Old Designator=C23 New Designator=C13
Change Component Designator: Old Designator=C24 New Designator=C14
Change Component Designator: Old Designator=C25 New Designator=C15
Change Component Designator: Old Designator=C26 New Designator=C16
Change Component Designator: Old Designator=C27 New Designator=C17
Change Component Designator: Old Designator=C28 New Designator=C18
Change Component Designator: Old Designator=C29 New Designator=C19
Change Component Designator: Old Designator=C30 New Designator=C20
Change Component Designator: Old Designator=C31 New Designator=C21
Change Component Designator: Old Designator=C32 New Designator=C22
Change Component Designator: Old Designator=C33 New Designator=C23
Change Component Designator: Old Designator=C34 New Designator=C24
Change Component Designator: Old Designator=C35 New Designator=C25
Change Component Designator: Old Designator=C36 New Designator=C26
Change Component Designator: Old Designator=C37 New Designator=C27
Change Component Designator: Old Designator=IC4 New Designator=IC2
Change Component Designator: Old Designator=IC5 New Designator=IC3
Change Component Designator: Old Designator=IC6 New Designator=IC4
Change Component Designator: Old Designator=IC7 New Designator=IC5
Change Component Designator: Old Designator=J3 New Designator=J1
Change Component Designator: Old Designator=L3 New Designator=L2
Change Component Designator: Old Designator=L4 New Designator=L3
Change Component Designator: Old Designator=R14 New Designator=R7
Change Component Designator: Old Designator=R15 New Designator=R8
Change Component Designator: Old Designator=R16 New Designator=R9
Change Component Designator: Old Designator=R17 New Designator=R10
Change Component Designator: Old Designator=R18 New Designator=R11
Change Component Designator: Old Designator=R19 New Designator=R13
Change Component Designator: Old Designator=R20 New Designator=R12
Change Component Designator: Old Designator=R21 New Designator=R14
Change Component Designator: Old Designator=R22 New Designator=R15
Change Component Designator: Old Designator=R23 New Designator=R16
